<?xml version="1.0" encoding="UTF-8"?>
<!-- Generated by org.testng.reporters.JUnitReportReporter -->
<testsuite hostname="IBM-25TSR24" failures="0" tests="3" name="project.Activity9" time="4.496" errors="0" timestamp="2026-06-11T23:12:51 IST" skipped="0">
  <testcase classname="project.Activity9" name="loginCredentials" time="2.711"/>
  <testcase classname="project.Activity9" name="myInfoPage" time="1.746"/>
  <testcase classname="project.Activity9" name="getTableContent" time="0.039"/>
</testsuite> <!-- project.Activity9 -->
