<?xml version="1.0" encoding="UTF-8"?>
<!-- Generated by org.testng.reporters.JUnitReportReporter -->
<testsuite hostname="IBM-25TSR24" failures="0" tests="4" name="project.Activity7" time="8.997" errors="0" timestamp="2026-06-11T23:12:51 IST" skipped="0">
  <testcase classname="project.Activity7" name="Login_Page" time="3.302"/>
  <testcase classname="project.Activity7" name="myInfo" time="2.246"/>
  <testcase classname="project.Activity7" name="qualification" time="0.911"/>
  <testcase classname="project.Activity7" name="addWork" time="2.538"/>
</testsuite> <!-- project.Activity7 -->
