<?xml version="1.0" encoding="UTF-8"?>
<!-- Generated by org.testng.reporters.JUnitReportReporter -->
<testsuite hostname="IBM-25TSR24" failures="0" tests="3" name="project.Activity6" time="4.007" errors="0" timestamp="2026-06-11T23:12:51 IST" skipped="0">
  <testcase classname="project.Activity6" name="verifyPageTitle" time="0.013"/>
  <testcase classname="project.Activity6" name="userLogin" time="2.386"/>
  <testcase classname="project.Activity6" name="verifyDirectoryMenu" time="1.608"/>
</testsuite> <!-- project.Activity6 -->
