<?xml version="1.0" encoding="UTF-8"?>
<!-- Generated by org.testng.reporters.JUnitReportReporter -->
<testsuite hostname="IBM-25TSR24" failures="0" tests="4" name="project.Activity5" time="5.519" errors="0" timestamp="2026-06-11T23:12:51 IST" skipped="0">
  <testcase classname="project.Activity5" name="editPersonalDetails" time="1.040"/>
  <testcase classname="project.Activity5" name="myInfo" time="0.752"/>
  <testcase classname="project.Activity5" name="editPersonalDetails" time="1.026"/>
  <testcase classname="project.Activity5" name="loginPage" time="2.701"/>
</testsuite> <!-- project.Activity5 -->
