<?xml version="1.0" encoding="UTF-8"?>
<!-- Generated by org.testng.reporters.JUnitReportReporter -->
<testsuite hostname="IBM-25TSR24" failures="0" tests="4" name="project.Activity4" time="8.811" errors="0" timestamp="2026-06-11T23:12:51 IST" skipped="0">
  <testcase classname="project.Activity4" name="sendData" time="2.689"/>
  <testcase classname="project.Activity4" name="newEmployee" time="2.755"/>
  <testcase classname="project.Activity4" name="addEmp" time="0.843"/>
  <testcase classname="project.Activity4" name="verify" time="2.524"/>
</testsuite> <!-- project.Activity4 -->
