<?xml version="1.0" encoding="UTF-8"?>
<!-- Generated by org.testng.reporters.JUnitXMLReporter -->
<testsuite ignored="0" hostname="IBM-25TSR24" failures="2" tests="25" name="Test Activities" time="130.506" errors="0" timestamp="2026-06-11T23:12:51 IST">
  <testcase classname="project.Activity1_2" name="getTitle" time="0.054"/>
  <testcase classname="project.Activity1_2" name="getHeaderImageUrl" time="0.063"/>
  <testcase classname="project.Activity3" name="sendData" time="2.713"/>
  <testcase classname="project.Activity4" name="sendData" time="2.689"/>
  <testcase classname="project.Activity4" name="newEmployee" time="2.755"/>
  <testcase classname="project.Activity4" name="addEmp" time="0.843"/>
  <testcase classname="project.Activity4" name="verify" time="2.524"/>
  <testcase classname="project.Activity5" name="loginPage" time="2.701"/>
  <testcase classname="project.Activity5" name="myInfo" time="0.752"/>
  <testcase classname="project.Activity5" name="editPersonalDetails" time="1.04"/>
  <testcase classname="project.Activity5" name="editPersonalDetails" time="1.026"/>
  <testcase classname="project.Activity6" name="verifyPageTitle" time="0.013"/>
  <testcase classname="project.Activity6" name="userLogin" time="2.386"/>
  <testcase classname="project.Activity6" name="verifyDirectoryMenu" time="1.608"/>
  <testcase classname="project.Activity7" name="Login_Page" time="3.302"/>
  <testcase classname="project.Activity7" name="myInfo" time="2.246"/>
  <testcase classname="project.Activity7" name="qualification" time="0.911"/>
  <testcase classname="project.Activity7" name="addWork" time="2.538"/>
  <testcase classname="project.Activity8" name="loginVerify" time="2.35"/>
  <testcase classname="project.Activity8" name="verifyPageTitle" time="0.038"/>
  <testcase classname="project.Activity8" name="leaveApplication" time="11.236">
    <failure type="org.openqa.selenium.TimeoutException" message="Expected condition failed: waiting for visibility of element found by By.id: applyleave_txtLeaveType, but... org.openqa.selenium.NoSuchElementException: Unable to locate element: #applyleave_txtLeaveType.
(tried for 10 seconds with 500 milliseconds interval)
Build info: version: &amp;apos;4.40.0&amp;apos;, revision: &amp;apos;b3333f1&amp;apos;
System info: os.name: &amp;apos;Windows 11&amp;apos;, os.arch: &amp;apos;amd64&amp;apos;, os.version: &amp;apos;10.0&amp;apos;, java.version: &amp;apos;25.0.3&amp;apos;
Driver info: org.openqa.selenium.firefox.FirefoxDriver
Capabilities {acceptInsecureCerts: true, browserName: firefox, browserVersion: 151.0.4, moz:accessibilityChecks: false, moz:buildID: 20260608154138, moz:geckodriverVersion: 0.37.0, moz:headless: false, moz:platformVersion: 10.0, moz:processID: 25880, moz:profile: C:\Users\MOHAMM~1\AppData\L..., moz:shutdownTimeout: 60000, moz:webdriverClick: true, moz:windowless: false, pageLoadStrategy: normal, platformName: windows, proxy: Proxy(), setWindowRect: true, strictFileInteractability: false, timeouts: {implicit: 0, pageLoad: 300000, script: 30000}, unhandledPromptBehavior: dismiss and notify, userAgent: Mozilla/5.0 (Windows NT 10....}
Session ID: 847e922e-ff7a-449e-a937-b026fbd10558">
      <![CDATA[org.openqa.selenium.TimeoutException: Expected condition failed: waiting for visibility of element found by By.id: applyleave_txtLeaveType, but... org.openqa.selenium.NoSuchElementException: Unable to locate element: #applyleave_txtLeaveType.
(tried for 10 seconds with 500 milliseconds interval)
Build info: version: '4.40.0', revision: 'b3333f1'
System info: os.name: 'Windows 11', os.arch: 'amd64', os.version: '10.0', java.version: '25.0.3'
Driver info: org.openqa.selenium.firefox.FirefoxDriver
Capabilities {acceptInsecureCerts: true, browserName: firefox, browserVersion: 151.0.4, moz:accessibilityChecks: false, moz:buildID: 20260608154138, moz:geckodriverVersion: 0.37.0, moz:headless: false, moz:platformVersion: 10.0, moz:processID: 25880, moz:profile: C:\Users\MOHAMM~1\AppData\L..., moz:shutdownTimeout: 60000, moz:webdriverClick: true, moz:windowless: false, pageLoadStrategy: normal, platformName: windows, proxy: Proxy(), setWindowRect: true, strictFileInteractability: false, timeouts: {implicit: 0, pageLoad: 300000, script: 30000}, unhandledPromptBehavior: dismiss and notify, userAgent: Mozilla/5.0 (Windows NT 10....}
Session ID: 847e922e-ff7a-449e-a937-b026fbd10558
at org.openqa.selenium.support.ui.WebDriverWait.timeoutException(WebDriverWait.java:84)
at org.openqa.selenium.support.ui.FluentWait.until(FluentWait.java:231)
at project.Activity8.leaveApplication(Activity8.java:46)
at java.base/java.util.ArrayList.forEach(ArrayList.java:1604)
... Removed 25 stack frames]]>
    </failure>
  </testcase> <!-- leaveApplication -->
  <testcase classname="project.Activity8" name="leaveStatus" time="10.472">
    <failure type="org.openqa.selenium.TimeoutException" message="Expected condition failed: waiting for element found by By.id: menu_leave_viewMyLeaveList to be clickable, but the element was not found: org.openqa.selenium.NoSuchElementException: Unable to locate element: #menu_leave_viewMyLeaveList.
(tried for 10 seconds with 500 milliseconds interval)
Build info: version: &amp;apos;4.40.0&amp;apos;, revision: &amp;apos;b3333f1&amp;apos;
System info: os.name: &amp;apos;Windows 11&amp;apos;, os.arch: &amp;apos;amd64&amp;apos;, os.version: &amp;apos;10.0&amp;apos;, java.version: &amp;apos;25.0.3&amp;apos;
Driver info: org.openqa.selenium.firefox.FirefoxDriver
Capabilities {acceptInsecureCerts: true, browserName: firefox, browserVersion: 151.0.4, moz:accessibilityChecks: false, moz:buildID: 20260608154138, moz:geckodriverVersion: 0.37.0, moz:headless: false, moz:platformVersion: 10.0, moz:processID: 25880, moz:profile: C:\Users\MOHAMM~1\AppData\L..., moz:shutdownTimeout: 60000, moz:webdriverClick: true, moz:windowless: false, pageLoadStrategy: normal, platformName: windows, proxy: Proxy(), setWindowRect: true, strictFileInteractability: false, timeouts: {implicit: 0, pageLoad: 300000, script: 30000}, unhandledPromptBehavior: dismiss and notify, userAgent: Mozilla/5.0 (Windows NT 10....}
Session ID: 847e922e-ff7a-449e-a937-b026fbd10558">
      <![CDATA[org.openqa.selenium.TimeoutException: Expected condition failed: waiting for element found by By.id: menu_leave_viewMyLeaveList to be clickable, but the element was not found: org.openqa.selenium.NoSuchElementException: Unable to locate element: #menu_leave_viewMyLeaveList.
(tried for 10 seconds with 500 milliseconds interval)
Build info: version: '4.40.0', revision: 'b3333f1'
System info: os.name: 'Windows 11', os.arch: 'amd64', os.version: '10.0', java.version: '25.0.3'
Driver info: org.openqa.selenium.firefox.FirefoxDriver
Capabilities {acceptInsecureCerts: true, browserName: firefox, browserVersion: 151.0.4, moz:accessibilityChecks: false, moz:buildID: 20260608154138, moz:geckodriverVersion: 0.37.0, moz:headless: false, moz:platformVersion: 10.0, moz:processID: 25880, moz:profile: C:\Users\MOHAMM~1\AppData\L..., moz:shutdownTimeout: 60000, moz:webdriverClick: true, moz:windowless: false, pageLoadStrategy: normal, platformName: windows, proxy: Proxy(), setWindowRect: true, strictFileInteractability: false, timeouts: {implicit: 0, pageLoad: 300000, script: 30000}, unhandledPromptBehavior: dismiss and notify, userAgent: Mozilla/5.0 (Windows NT 10....}
Session ID: 847e922e-ff7a-449e-a937-b026fbd10558
at org.openqa.selenium.support.ui.WebDriverWait.timeoutException(WebDriverWait.java:84)
at org.openqa.selenium.support.ui.FluentWait.until(FluentWait.java:231)
at project.Activity8.leaveStatus(Activity8.java:63)
at java.base/java.util.ArrayList.forEach(ArrayList.java:1604)
... Removed 25 stack frames]]>
    </failure>
  </testcase> <!-- leaveStatus -->
  <testcase classname="project.Activity9" name="loginCredentials" time="2.711"/>
  <testcase classname="project.Activity9" name="myInfoPage" time="1.746"/>
  <testcase classname="project.Activity9" name="getTableContent" time="0.039"/>
</testsuite> <!-- Test Activities -->
